<?xml version="1.0" encoding="UTF-8"?>
<testsuite xmlns:xsi="http://www.w3.org/2001/XMLSchema-instance" xsi:noNamespaceSchemaLocation="https://maven.apache.org/surefire/maven-surefire-plugin/xsd/surefire-test-report.xsd" version="3.0.2" name="com.project.TMS.Backend.BackendApplicationTests" time="7.367" tests="1" errors="0" skipped="0" failures="0">
  <properties>
[...]
</properties>
  <testcase name="contextLoads" classname="com.project.TMS.Backend.BackendApplicationTests" time="0.736">
    <system-out><![CDATA[21:33:46.262 [main] INFO org.springframework.test.context.support.AnnotationConfigContextLoaderUtils -- Could not detect default configuration classes for test class [com.project.TMS.Backend.BackendApplicationTests]: BackendApplicationTests does not declare any static, non-private, non-final, nested classes annotated with @Configuration.
21:33:46.405 [main] INFO org.springframework.boot.test.context.SpringBootTestContextBootstrapper -- Found @SpringBootConfiguration com.project.TMS.Backend.BackendApplication for test class com.project.TMS.Backend.BackendApplicationTests

  .   ____          _            __ _ _
 /\\ / ___'_ __ _ _(_)_ __  __ _ \ \ \ \
( ( )\___ | '_ | '_| | '_ \/ _` | \ \ \ \
 \\/  ___)| |_)| | | | | || (_| |  ) ) ) )
  '  |____| .__|_| |_|_| |_\__, | / / / /
 =========|_|==============|___/=/_/_/_/

 :: Spring Boot ::             (v3.4.0-M2)

2024-09-20T21:33:46.966+05:30  INFO 10984 --- [Backend] [           main] c.p.TMS.Backend.BackendApplicationTests  : Starting BackendApplicationTests using Java 21.0.3 with PID 10984 (started by aryan in D:\TMS Project\TMS-Project\Backend)
2024-09-20T21:33:46.968+05:30  INFO 10984 --- [Backend] [           main] c.p.TMS.Backend.BackendApplicationTests  : No active profile set, falling back to 1 default profile: "default"
2024-09-20T21:33:47.981+05:30  INFO 10984 --- [Backend] [           main] .s.d.r.c.RepositoryConfigurationDelegate : Bootstrapping Spring Data JPA repositories in DEFAULT mode.
2024-09-20T21:33:48.055+05:30  INFO 10984 --- [Backend] [           main] .s.d.r.c.RepositoryConfigurationDelegate : Finished Spring Data repository scanning in 63 ms. Found 1 JPA repository interface.
2024-09-20T21:33:48.749+05:30  INFO 10984 --- [Backend] [           main] o.hibernate.jpa.internal.util.LogHelper  : HHH000204: Processing PersistenceUnitInfo [name: default]
2024-09-20T21:33:48.844+05:30  INFO 10984 --- [Backend] [           main] org.hibernate.Version                    : HHH000412: Hibernate ORM core version 6.6.0.Final
2024-09-20T21:33:48.900+05:30  INFO 10984 --- [Backend] [           main] o.h.c.internal.RegionFactoryInitiator    : HHH000026: Second-level cache disabled
2024-09-20T21:33:49.309+05:30  INFO 10984 --- [Backend] [           main] o.s.o.j.p.SpringPersistenceUnitInfo      : No LoadTimeWeaver setup: ignoring JPA class transformer
2024-09-20T21:33:49.347+05:30  INFO 10984 --- [Backend] [           main] com.zaxxer.hikari.HikariDataSource       : HikariPool-1 - Starting...
2024-09-20T21:33:49.550+05:30  INFO 10984 --- [Backend] [           main] com.zaxxer.hikari.pool.HikariPool        : HikariPool-1 - Added connection com.mysql.cj.jdbc.ConnectionImpl@1bfa3893
2024-09-20T21:33:49.555+05:30  INFO 10984 --- [Backend] [           main] com.zaxxer.hikari.HikariDataSource       : HikariPool-1 - Start completed.
2024-09-20T21:33:49.700+05:30  INFO 10984 --- [Backend] [           main] org.hibernate.orm.connections.pooling    : HHH10001005: Database info:
	Database JDBC URL [Connecting through datasourcenull]
	Database driver: undefined/unknown
	Database version: 8.0.39
	Autocommit mode: undefined/unknown
	Isolation level: undefined/unknown
	Minimum pool size: undefined/unknown
	Maximum pool size: undefined/unknown
2024-09-20T21:33:50.715+05:30  INFO 10984 --- [Backend] [           main] o.h.e.t.j.p.i.JtaPlatformInitiator       : HHH000489: No JTA platform available (set 'hibernate.transaction.jta.platform' to enable JTA platform integration)
2024-09-20T21:33:50.765+05:30  INFO 10984 --- [Backend] [           main] j.LocalContainerEntityManagerFactoryBean : Initialized JPA EntityManagerFactory for persistence unit 'default'
Hibernate: select u1_0.id,u1_0.email,u1_0.name,u1_0.password,u1_0.user_role from user u1_0 where u1_0.user_role=?
Admin account already exists
2024-09-20T21:33:51.615+05:30  INFO 10984 --- [Backend] [           main] eAuthenticationProviderManagerConfigurer : Global AuthenticationManager configured with AuthenticationProvider bean with name authenticationProvider
2024-09-20T21:33:51.615+05:30  WARN 10984 --- [Backend] [           main] r$InitializeUserDetailsManagerConfigurer : Global AuthenticationManager configured with an AuthenticationProvider bean. UserDetailsService beans will not be used for username/password login. Consider removing the AuthenticationProvider bean. Alternatively, consider using the UserDetailsService in a manually instantiated DaoAuthenticationProvider.
2024-09-20T21:33:52.657+05:30  INFO 10984 --- [Backend] [           main] c.p.TMS.Backend.BackendApplicationTests  : Started BackendApplicationTests in 6.046 seconds (process running for 7.292)
]]></system-out>
    <system-err><![CDATA[WARNING: A Java agent has been loaded dynamically (C:\Users\aryan\.m2\repository\net\bytebuddy\byte-buddy-agent\1.14.19\byte-buddy-agent-1.14.19.jar)
WARNING: If a serviceability tool is in use, please run with -XX:+EnableDynamicAgentLoading to hide this warning
WARNING: If a serviceability tool is not in use, please run with -Djdk.instrument.traceUsage for more information
WARNING: Dynamic loading of agents will be disallowed by default in a future release
]]></system-err>
  </testcase>
</testsuite>